2025-05-06 18:31:51,244 - INFO - appLogger - Intento de login para el usuario: Gerardo
2025-05-06 18:31:52,186 - INFO - appLogger - Login exitoso para el usuario: Gerardo
2025-05-06 18:32:07,431 - INFO - appLogger - Intento de login para el usuario: d
2025-05-06 18:32:08,117 - WARNING - appLogger - Login fallido para el usuario: d
2025-05-06 18:32:13,658 - INFO - appLogger - Intento de login para el usuario: Gerardo
2025-05-06 18:32:14,500 - INFO - appLogger - Login exitoso para el usuario: Gerardo
2025-05-06 18:46:11,257 - INFO - appLogger - Intento de login para el usuario: Gerardo
2025-05-06 18:46:12,182 - INFO - appLogger - Login exitoso para el usuario: Gerardo
2025-05-06 18:47:29,653 - INFO - appLogger - Intento de login para el usuario: Gerardo
2025-05-06 18:47:30,559 - INFO - appLogger - Login exitoso para el usuario: Gerardo
2025-05-06 19:03:10,411 - INFO - appLogger - Intento de login para el usuario: Gerardo
2025-05-06 19:03:11,270 - INFO - appLogger - Login exitoso para el usuario: Gerardo
2025-05-06 19:12:47,465 - INFO - appLogger - Intento de login para el usuario: Gerardo
2025-05-06 19:12:48,358 - INFO - appLogger - Login exitoso para el usuario: Gerardo
2025-05-06 19:26:13,061 - INFO - appLogger - Intento de login para el usuario: Gerardo
2025-05-06 19:26:15,015 - INFO - appLogger - Login exitoso para el usuario: Gerardo
2025-05-06 19:32:26,424 - INFO - appLogger - Intento de login para el usuario: Gerardo
2025-05-06 19:32:27,381 - INFO - appLogger - Login exitoso para el usuario: Gerardo
2025-05-06 19:47:46,476 - INFO - appLogger - Intento de login para el usuario: Gerardo
2025-05-06 19:47:47,479 - INFO - appLogger - Login exitoso para el usuario: Gerardo
2025-05-06 20:22:42,679 - INFO - appLogger - Intento de login para el usuario: Gerardo
2025-05-06 20:22:49,015 - INFO - appLogger - Login exitoso para el usuario: Gerardo
2025-05-06 20:48:22,881 - INFO - appLogger - Intento de login para el usuario: Gerardo
2025-05-06 20:48:23,852 - INFO - appLogger - Login exitoso para el usuario: Gerardo
2025-05-06 20:54:03,729 - INFO - appLogger - Intento de login para el usuario: Gerardo
2025-05-06 20:54:04,848 - INFO - appLogger - Login exitoso para el usuario: Gerardo
2025-05-06 21:09:39,345 - INFO - appLogger - Intento de login para el usuario: Gerardo
2025-05-06 21:09:40,276 - INFO - appLogger - Login exitoso para el usuario: Gerardo
2025-05-06 21:14:54,828 - INFO - appLogger - Intento de login para el usuario: Gerardo
2025-05-06 21:14:55,877 - INFO - appLogger - Login exitoso para el usuario: Gerardo
2025-05-07 00:35:47,321 - INFO - appLogger - Intento de login para el usuario: Gerardo
2025-05-07 00:35:48,596 - INFO - appLogger - Login exitoso para el usuario: Gerardo
2025-05-07 00:48:34,174 - INFO - appLogger - Intento de login para el usuario: Gerardo
2025-05-07 00:48:35,066 - INFO - appLogger - Login exitoso para el usuario: Gerardo
2025-05-07 02:27:29,326 - INFO - appLogger - Intento de login para el usuario: Gerardo
2025-05-07 02:27:30,396 - INFO - appLogger - Login exitoso para el usuario: Gerardo
2025-05-07 02:34:07,309 - INFO - appLogger - Intento de login para el usuario: Gerardo
2025-05-07 02:34:08,419 - INFO - appLogger - Login exitoso para el usuario: Gerardo
2025-05-07 02:37:46,969 - INFO - appLogger - Intento de login para el usuario: Gerardo
2025-05-07 02:37:47,975 - INFO - appLogger - Login exitoso para el usuario: Gerardo
2025-05-08 00:37:26,374 - INFO - appLogger - Intento de login para el usuario: Gerardo
2025-05-08 00:37:36,619 - WARNING - appLogger - Login fallido para el usuario: Gerardo
2025-05-08 00:37:41,637 - INFO - appLogger - Intento de login para el usuario: Gerardo
2025-05-08 00:37:51,651 - WARNING - appLogger - Login fallido para el usuario: Gerardo
2025-05-08 00:41:27,771 - INFO - appLogger - Intento de login para el usuario: Gerardo
2025-05-08 00:41:37,798 - WARNING - appLogger - Login fallido para el usuario: Gerardo
2025-05-08 00:43:40,063 - INFO - appLogger - Intento de login para el usuario: Gerardo
2025-05-08 00:43:41,059 - INFO - appLogger - Login exitoso para el usuario: Gerardo
2025-05-08 20:35:13,836 - INFO - appLogger - Intento de login para el usuario: Gerardo
2025-05-08 20:35:14,799 - INFO - appLogger - Login exitoso para el usuario: Gerardo
2025-05-08 20:37:50,728 - INFO - appLogger - Intento de login para el usuario: Gerardo
2025-05-08 20:37:51,702 - INFO - appLogger - Login exitoso para el usuario: Gerardo
2025-05-08 20:40:26,320 - INFO - appLogger - Intento de login para el usuario: Gerardo
2025-05-08 20:40:27,352 - INFO - appLogger - Login exitoso para el usuario: Gerardo
2025-05-08 21:34:34,398 - INFO - appLogger - Intento de login para el usuario: Gerardo
2025-05-08 21:34:35,185 - INFO - appLogger - Login exitoso para el usuario: Gerardo
2025-05-08 21:55:19,395 - INFO - appLogger - Intento de login para el usuario: Gerardo
2025-05-08 21:55:20,236 - INFO - appLogger - Login exitoso para el usuario: Gerardo
2025-05-08 23:57:16,018 - INFO - appLogger - Intento de login para el usuario: Gerardo
2025-05-08 23:57:17,245 - INFO - appLogger - Login exitoso para el usuario: Gerardo
2025-05-09 00:09:13,676 - INFO - appLogger - Intento de login para el usuario: Gerardo
2025-05-09 00:09:23,892 - WARNING - appLogger - Login fallido para el usuario: Gerardo
2025-05-09 00:09:40,404 - INFO - appLogger - Intento de login para el usuario: Gerardo
2025-05-09 00:09:50,512 - WARNING - appLogger - Login fallido para el usuario: Gerardo
2025-05-09 00:10:04,032 - INFO - appLogger - Intento de login para el usuario: Gerardo
2025-05-09 00:10:14,192 - WARNING - appLogger - Login fallido para el usuario: Gerardo
2025-05-09 00:27:43,302 - INFO - appLogger - Intento de login para el usuario: Gerardo
2025-05-09 00:27:53,482 - WARNING - appLogger - Login fallido para el usuario: Gerardo
2025-05-09 00:33:41,435 - INFO - appLogger - Intento de login para el usuario: Gerardo
2025-05-09 00:33:42,506 - INFO - appLogger - Login exitoso para el usuario: Gerardo
2025-05-09 00:41:47,241 - INFO - appLogger - Intento de login para el usuario: Gerardo
2025-05-09 00:46:43,714 - INFO - appLogger - Intento de login para el usuario: Gerardo
2025-05-09 00:46:53,872 - WARNING - appLogger - Login fallido para el usuario: Gerardo
